<?xml version="1.0" encoding="UTF-8"?>
<!-- Generated by org.testng.reporters.JUnitXMLReporter -->
<testsuite hostname="Vayuputhra" name="Test2" tests="7" failures="0" timestamp="4 Dec 2016 04:04:07 GMT" time="102.35" errors="0">
  <testcase name="testSteps" time="23.886" classname="Grp1.testCases.CompleteSingleTransaction"/>
  <testcase name="testSteps" time="14.975" classname="Grp1.testCases.LoginTestGrid"/>
  <testcase name="testSteps" time="12.382" classname="Grp1.testCases.LoginTestGrid"/>
  <testcase name="testSteps" time="12.342" classname="Grp1.testCases.LoginTestGrid"/>
  <testcase name="testSteps" time="12.48" classname="Grp1.testCases.LoginTestGrid"/>
  <testcase name="testSteps" time="12.361" classname="Grp1.testCases.LoginTestGrid"/>
  <testcase name="testSteps" time="12.294" classname="Grp1.testCases.LoginTestGrid"/>
</testsuite> <!-- Test2 -->
