<?xml version="1.0" encoding="UTF-8"?>
<!-- Generated by org.testng.reporters.JUnitXMLReporter -->
<testsuite hostname="Vayuputhra" name="Test" tests="1" failures="1" timestamp="16 Nov 2016 05:19:28 GMT" time="0.061" errors="0">
  <testcase name="testSteps" time="0.025" classname="Grp1.testCases.LoginTestCase">
    <failure type="java.lang.NullPointerException">
      <![CDATA[java.lang.NullPointerException
	at Grp1.ZohoTestPOM.HomePagePOM.openbaseURL(HomePagePOM.java:42)
	at Grp1.testCases.LoginTestCase.testSteps(LoginTestCase.java:30)
... Removed 24 stack frames]]>
    </failure>
  </testcase> <!-- testSteps -->
</testsuite> <!-- Test -->
