<?xml version="1.0" encoding="UTF-8"?>
<!-- Generated by org.testng.reporters.JUnitXMLReporter -->
<testsuite hostname="Vayuputhra" name="Test1" tests="7" failures="0" timestamp="6 Dec 2016 03:06:54 GMT" time="130.129" errors="0">
  <testcase name="testSteps" time="34.232" classname="Grp1.testCases.CompleteSingleTransaction"/>
  <testcase name="testSteps" time="16.649" classname="Grp1.testCases.LoginTestGrid"/>
  <testcase name="testSteps" time="14.832" classname="Grp1.testCases.LoginTestGrid"/>
  <testcase name="testSteps" time="15.039" classname="Grp1.testCases.LoginTestGrid"/>
  <testcase name="testSteps" time="14.852" classname="Grp1.testCases.LoginTestGrid"/>
  <testcase name="testSteps" time="15.031" classname="Grp1.testCases.LoginTestGrid"/>
  <testcase name="testSteps" time="14.356" classname="Grp1.testCases.LoginTestGrid"/>
</testsuite> <!-- Test1 -->
