<?xml version="1.0" encoding="UTF-8"?>
<!-- Generated by org.testng.reporters.JUnitXMLReporter -->
<testsuite hostname="Vayuputhra" name="Test1" tests="7" failures="0" timestamp="4 Dec 2016 19:05:13 GMT" time="103.142" errors="0">
  <testcase name="testSteps" time="24.923" classname="Grp1.testCases.CompleteSingleTransaction"/>
  <testcase name="testSteps" time="13.976" classname="Grp1.testCases.LoginTestGrid"/>
  <testcase name="testSteps" time="12.432" classname="Grp1.testCases.LoginTestGrid"/>
  <testcase name="testSteps" time="12.457" classname="Grp1.testCases.LoginTestGrid"/>
  <testcase name="testSteps" time="12.331" classname="Grp1.testCases.LoginTestGrid"/>
  <testcase name="testSteps" time="12.201" classname="Grp1.testCases.LoginTestGrid"/>
  <testcase name="testSteps" time="12.332" classname="Grp1.testCases.LoginTestGrid"/>
</testsuite> <!-- Test1 -->
