<?xml version="1.0" encoding="UTF-8"?>
<testng-results skipped="0" failed="0" total="0" passed="0">
  <reporter-output>
  </reporter-output>
  <suite name="Suite" duration-ms="13583" started-at="2016-11-19T13:54:13Z" finished-at="2016-11-19T13:54:27Z">
    <groups>
    </groups>
    <test name="Test" duration-ms="13583" started-at="2016-11-19T13:54:13Z" finished-at="2016-11-19T13:54:27Z">
      <class name="Grp1.testCases.LoginTestCase">
        <test-method status="PASS" signature="testSteps()[pri:0, instance:Grp1.testCases.LoginTestCase@76505305]" name="testSteps" is-config="true" duration-ms="13579" started-at="2016-11-19T08:54:13Z" finished-at="2016-11-19T08:54:27Z">
          <reporter-output>
          </reporter-output>
        </test-method> <!-- testSteps -->
      </class> <!-- Grp1.testCases.LoginTestCase -->
    </test> <!-- Test -->
  </suite> <!-- Suite -->
</testng-results>
